Row 14 Col 0
Row 14 Col 1
Row 14 Col 2
Row 14 Col 3
Row 14 Col 4
Row 14 Col 5
Row 14 Col 6
Row 14 Col 7
Row 14 Col 8
Row 14 Col 9
Row 14 Col 10
Row 14 Col 11
Row 14 Col 12
Row 14 Col 13
Row 14 Col 14
Row 14 Col 15
Row 15 Col 0
Row 15 Col 1
Row 15 Col 2
Row 15 Col 3
Row 15 Col 4
Row 15 Col 5
Row 15 Col 6
Row 15 Col 7
Row 15 Col 8
Row 15 Col 9
Row 15 Col 10
Row 15 Col 11
Row 15 Col 12
Row 15 Col 13
Row 15 Col 14
Row 15 Col 15
Row 14 Col 16
Row 14 Col 17
Row 14 Col 18
Row 14 Col 19
Row 14 Col 20
Row 14 Col 21
Row 14 Col 22
Row 14 Col 23
Row 14 Col 24
Row 14 Col 25
Row 14 Col 26
Row 14 Col 27
Row 14 Col 28
Row 14 Col 29
Row 14 Col 30
Row 14 Col 31
Row 15 Col 16
Row 15 Col 17
Row 15 Col 18
Row 15 Col 19
Row 15 Col 20
Row 15 Col 21
Row 15 Col 22
Row 15 Col 23
Row 15 Col 24
Row 15 Col 25
Row 15 Col 26
Row 15 Col 27
Row 15 Col 28
Row 15 Col 29
Row 15 Col 30
Row 15 Col 31
Row 8 Col 0
Row 8 Col 1
Row 8 Col 2
Row 8 Col 3
Row 8 Col 4
Row 8 Col 5
Row 8 Col 6
Row 8 Col 7
Row 8 Col 8
Row 8 Col 9
Row 8 Col 10
Row 8 Col 11
Row 8 Col 12
Row 8 Col 13
Row 8 Col 14
Row 8 Col 15
Row 9 Col 0
Row 9 Col 1
Row 9 Col 2
Row 9 Col 3
Row 9 Col 4
Row 9 Col 5
Row 9 Col 6
Row 9 Col 7
Row 9 Col 8
Row 9 Col 9
Row 9 Col 10
Row 9 Col 11
Row 9 Col 12
Row 9 Col 13
Row 9 Col 14
Row 9 Col 15
Row 12 Col 16
Row 12 Col 17
Row 12 Col 18
Row 12 Col 19
Row 12 Col 20
Row 12 Col 21
Row 12 Col 22
Row 12 Col 23
Row 12 Col 24
Row 12 Col 25
Row 12 Col 26
Row 12 Col 27
Row 12 Col 28
Row 12 Col 29
Row 12 Col 30
Row 12 Col 31
Row 13 Col 16
Row 13 Col 17
Row 13 Col 18
Row 13 Col 19
Row 13 Col 20
Row 13 Col 21
Row 13 Col 22
Row 13 Col 23
Row 13 Col 24
Row 13 Col 25
Row 13 Col 26
Row 13 Col 27
Row 13 Col 28
Row 13 Col 29
Row 13 Col 30
Row 13 Col 31
Row 2 Col 0
Row 2 Col 1
Row 2 Col 2
Row 2 Col 3
Row 2 Col 4
Row 2 Col 5
Row 2 Col 6
Row 2 Col 7
Row 2 Col 8
Row 2 Col 9
Row 2 Col 10
Row 2 Col 11
Row 2 Col 12
Row 2 Col 13
Row 2 Col 14
Row 2 Col 15
Row 3 Col 0
Row 3 Col 1
Row 3 Col 2
Row 3 Col 3
Row 3 Col 4
Row 3 Col 5
Row 3 Col 6
Row 3 Col 7
Row 3 Col 8
Row 3 Col 9
Row 3 Col 10
Row 3 Col 11
Row 3 Col 12
Row 3 Col 13
Row 3 Col 14
Row 3 Col 15
Row 6 Col 16
Row 6 Col 17
Row 6 Col 18
Row 6 Col 19
Row 6 Col 20
Row 6 Col 21
Row 6 Col 22
Row 6 Col 23
Row 6 Col 24
Row 6 Col 25
Row 6 Col 26
Row 6 Col 27
Row 6 Col 28
Row 6 Col 29
Row 6 Col 30
Row 6 Col 31
Row 7 Col 16
Row 7 Col 17
Row 7 Col 18
Row 7 Col 19
Row 7 Col 20
Row 7 Col 21
Row 7 Col 22
Row 7 Col 23
Row 7 Col 24
Row 7 Col 25
Row 7 Col 26
Row 7 Col 27
Row 7 Col 28
Row 7 Col 29
Row 7 Col 30
Row 7 Col 31
Row 6 Col 0
Row 6 Col 1
Row 6 Col 2
Row 6 Col 3
Row 6 Col 4
Row 6 Col 5
Row 6 Col 6
Row 6 Col 7
Row 6 Col 8
Row 6 Col 9
Row 6 Col 10
Row 6 Col 11
Row 6 Col 12
Row 6 Col 13
Row 6 Col 14
Row 6 Col 15
Row 7 Col 0
Row 7 Col 1
Row 7 Col 2
Row 7 Col 3
Row 7 Col 4
Row 7 Col 5
Row 7 Col 6
Row 7 Col 7
Row 7 Col 8
Row 7 Col 9
Row 7 Col 10
Row 7 Col 11
Row 7 Col 12
Row 7 Col 13
Row 7 Col 14
Row 7 Col 15
Row 8 Col 16
Row 8 Col 17
Row 8 Col 18
Row 8 Col 19
Row 8 Col 20
Row 8 Col 21
Row 8 Col 22
Row 8 Col 23
Row 8 Col 24
Row 8 Col 25
Row 8 Col 26
Row 8 Col 27
Row 8 Col 28
Row 8 Col 29
Row 8 Col 30
Row 8 Col 31
Row 9 Col 16
Row 9 Col 17
Row 9 Col 18
Row 9 Col 19
Row 9 Col 20
Row 9 Col 21
Row 9 Col 22
Row 9 Col 23
Row 9 Col 24
Row 9 Col 25
Row 9 Col 26
Row 9 Col 27
Row 9 Col 28
Row 9 Col 29
Row 9 Col 30
Row 9 Col 31
Row 4 Col 0
Row 4 Col 1
Row 4 Col 2
Row 4 Col 3
Row 4 Col 4
Row 4 Col 5
Row 4 Col 6
Row 4 Col 7
Row 4 Col 8
Row 4 Col 9
Row 4 Col 10
Row 4 Col 11
Row 4 Col 12
Row 4 Col 13
Row 4 Col 14
Row 4 Col 15
Row 5 Col 0
Row 5 Col 1
Row 5 Col 2
Row 5 Col 3
Row 5 Col 4
Row 5 Col 5
Row 5 Col 6
Row 5 Col 7
Row 5 Col 8
Row 5 Col 9
Row 5 Col 10
Row 5 Col 11
Row 5 Col 12
Row 5 Col 13
Row 5 Col 14
Row 5 Col 15
Row 10 Col 16
Row 10 Col 17
Row 10 Col 18
Row 10 Col 19
Row 10 Col 20
Row 10 Col 21
Row 10 Col 22
Row 10 Col 23
Row 10 Col 24
Row 10 Col 25
Row 10 Col 26
Row 10 Col 27
Row 10 Col 28
Row 10 Col 29
Row 10 Col 30
Row 10 Col 31
Row 11 Col 16
Row 11 Col 17
Row 11 Col 18
Row 11 Col 19
Row 11 Col 20
Row 11 Col 21
Row 11 Col 22
Row 11 Col 23
Row 11 Col 24
Row 11 Col 25
Row 11 Col 26
Row 11 Col 27
Row 11 Col 28
Row 11 Col 29
Row 11 Col 30
Row 11 Col 31
Row 0 Col 0
Row 0 Col 1
Row 0 Col 2
Row 0 Col 3
Row 0 Col 4
Row 0 Col 5
Row 0 Col 6
Row 0 Col 7
Row 0 Col 8
Row 0 Col 9
Row 0 Col 10
Row 0 Col 11
Row 0 Col 12
Row 0 Col 13
Row 0 Col 14
Row 0 Col 15
Row 1 Col 0
Row 1 Col 1
Row 1 Col 2
Row 1 Col 3
Row 1 Col 4
Row 1 Col 5
Row 1 Col 6
Row 1 Col 7
Row 1 Col 8
Row 1 Col 9
Row 1 Col 10
Row 1 Col 11
Row 1 Col 12
Row 1 Col 13
Row 1 Col 14
Row 1 Col 15
Row 4 Col 16
Row 4 Col 17
Row 4 Col 18
Row 4 Col 19
Row 4 Col 20
Row 4 Col 21
Row 4 Col 22
Row 4 Col 23
Row 4 Col 24
Row 4 Col 25
Row 4 Col 26
Row 4 Col 27
Row 4 Col 28
Row 4 Col 29
Row 4 Col 30
Row 4 Col 31
Row 5 Col 16
Row 5 Col 17
Row 5 Col 18
Row 5 Col 19
Row 5 Col 20
Row 5 Col 21
Row 5 Col 22
Row 5 Col 23
Row 5 Col 24
Row 5 Col 25
Row 5 Col 26
Row 5 Col 27
Row 5 Col 28
Row 5 Col 29
Row 5 Col 30
Row 5 Col 31
Row 10 Col 0
Row 10 Col 1
Row 10 Col 2
Row 10 Col 3
Row 10 Col 4
Row 10 Col 5
Row 10 Col 6
Row 10 Col 7
Row 10 Col 8
Row 10 Col 9
Row 10 Col 10
Row 10 Col 11
Row 10 Col 12
Row 10 Col 13
Row 10 Col 14
Row 10 Col 15
Row 11 Col 0
Row 11 Col 1
Row 11 Col 2
Row 11 Col 3
Row 11 Col 4
Row 11 Col 5
Row 11 Col 6
Row 11 Col 7
Row 11 Col 8
Row 11 Col 9
Row 11 Col 10
Row 11 Col 11
Row 11 Col 12
Row 11 Col 13
Row 11 Col 14
Row 11 Col 15
Row 0 Col 16
Row 0 Col 17
Row 0 Col 18
Row 0 Col 19
Row 0 Col 20
Row 0 Col 21
Row 0 Col 22
Row 0 Col 23
Row 0 Col 24
Row 0 Col 25
Row 0 Col 26
Row 0 Col 27
Row 0 Col 28
Row 0 Col 29
Row 0 Col 30
Row 0 Col 31
Row 1 Col 16
Row 1 Col 17
Row 1 Col 18
Row 1 Col 19
Row 1 Col 20
Row 1 Col 21
Row 1 Col 22
Row 1 Col 23
Row 1 Col 24
Row 1 Col 25
Row 1 Col 26
Row 1 Col 27
Row 1 Col 28
Row 1 Col 29
Row 1 Col 30
Row 1 Col 31
Row 12 Col 0
Row 12 Col 1
Row 12 Col 2
Row 12 Col 3
Row 12 Col 4
Row 12 Col 5
Row 12 Col 6
Row 12 Col 7
Row 12 Col 8
Row 12 Col 9
Row 12 Col 10
Row 12 Col 11
Row 12 Col 12
Row 12 Col 13
Row 12 Col 14
Row 12 Col 15
Row 13 Col 0
Row 13 Col 1
Row 13 Col 2
Row 13 Col 3
Row 13 Col 4
Row 13 Col 5
Row 13 Col 6
Row 13 Col 7
Row 13 Col 8
Row 13 Col 9
Row 13 Col 10
Row 13 Col 11
Row 13 Col 12
Row 13 Col 13
Row 13 Col 14
Row 13 Col 15
Row 2 Col 16
Row 2 Col 17
Row 2 Col 18
Row 2 Col 19
Row 2 Col 20
Row 2 Col 21
Row 2 Col 22
Row 2 Col 23
Row 2 Col 24
Row 2 Col 25
Row 2 Col 26
Row 2 Col 27
Row 2 Col 28
Row 2 Col 29
Row 2 Col 30
Row 2 Col 31
Row 3 Col 16
Row 3 Col 17
Row 3 Col 18
Row 3 Col 19
Row 3 Col 20
Row 3 Col 21
Row 3 Col 22
Row 3 Col 23
Row 3 Col 24
Row 3 Col 25
Row 3 Col 26
Row 3 Col 27
Row 3 Col 28
Row 3 Col 29
Row 3 Col 30
Row 3 Col 31
Row 30 Col 16
Row 30 Col 17
Row 30 Col 18
Row 30 Col 19
Row 30 Col 20
Row 30 Col 21
Row 30 Col 22
Row 30 Col 23
Row 30 Col 24
Row 30 Col 25
Row 30 Col 26
Row 30 Col 27
Row 30 Col 28
Row 30 Col 29
Row 30 Col 30
Row 30 Col 31
Row 31 Col 16
Row 31 Col 17
Row 31 Col 18
Row 31 Col 19
Row 31 Col 20
Row 31 Col 21
Row 31 Col 22
Row 31 Col 23
Row 31 Col 24
Row 31 Col 25
Row 31 Col 26
Row 31 Col 27
Row 31 Col 28
Row 31 Col 29
Row 31 Col 30
Row 31 Col 31
Row 22 Col 16
Row 22 Col 17
Row 22 Col 18
Row 22 Col 19
Row 22 Col 20
Row 22 Col 21
Row 22 Col 22
Row 22 Col 23
Row 22 Col 24
Row 22 Col 25
Row 22 Col 26
Row 22 Col 27
Row 22 Col 28
Row 22 Col 29
Row 22 Col 30
Row 22 Col 31
Row 23 Col 16
Row 23 Col 17
Row 23 Col 18
Row 23 Col 19
Row 23 Col 20
Row 23 Col 21
Row 23 Col 22
Row 23 Col 23
Row 23 Col 24
Row 23 Col 25
Row 23 Col 26
Row 23 Col 27
Row 23 Col 28
Row 23 Col 29
Row 23 Col 30
Row 23 Col 31
Row 24 Col 16
Row 24 Col 17
Row 24 Col 18
Row 24 Col 19
Row 24 Col 20
Row 24 Col 21
Row 24 Col 22
Row 24 Col 23
Row 24 Col 24
Row 24 Col 25
Row 24 Col 26
Row 24 Col 27
Row 24 Col 28
Row 24 Col 29
Row 24 Col 30
Row 24 Col 31
Row 25 Col 16
Row 25 Col 17
Row 25 Col 18
Row 25 Col 19
Row 25 Col 20
Row 25 Col 21
Row 25 Col 22
Row 25 Col 23
Row 25 Col 24
Row 25 Col 25
Row 25 Col 26
Row 25 Col 27
Row 25 Col 28
Row 25 Col 29
Row 25 Col 30
Row 25 Col 31
Row 26 Col 16
Row 26 Col 17
Row 26 Col 18
Row 26 Col 19
Row 26 Col 20
Row 26 Col 21
Row 26 Col 22
Row 26 Col 23
Row 26 Col 24
Row 26 Col 25
Row 26 Col 26
Row 26 Col 27
Row 26 Col 28
Row 26 Col 29
Row 26 Col 30
Row 26 Col 31
Row 27 Col 16
Row 27 Col 17
Row 27 Col 18
Row 27 Col 19
Row 27 Col 20
Row 27 Col 21
Row 27 Col 22
Row 27 Col 23
Row 27 Col 24
Row 27 Col 25
Row 27 Col 26
Row 27 Col 27
Row 27 Col 28
Row 27 Col 29
Row 27 Col 30
Row 27 Col 31
Row 20 Col 16
Row 20 Col 17
Row 20 Col 18
Row 20 Col 19
Row 20 Col 20
Row 20 Col 21
Row 20 Col 22
Row 20 Col 23
Row 20 Col 24
Row 20 Col 25
Row 20 Col 26
Row 20 Col 27
Row 20 Col 28
Row 20 Col 29
Row 20 Col 30
Row 20 Col 31
Row 21 Col 16
Row 21 Col 17
Row 21 Col 18
Row 21 Col 19
Row 21 Col 20
Row 21 Col 21
Row 21 Col 22
Row 21 Col 23
Row 21 Col 24
Row 21 Col 25
Row 21 Col 26
Row 21 Col 27
Row 21 Col 28
Row 21 Col 29
Row 21 Col 30
Row 21 Col 31
Row 16 Col 16
Row 16 Col 17
Row 16 Col 18
Row 16 Col 19
Row 16 Col 20
Row 16 Col 21
Row 16 Col 22
Row 16 Col 23
Row 16 Col 24
Row 16 Col 25
Row 16 Col 26
Row 16 Col 27
Row 16 Col 28
Row 16 Col 29
Row 16 Col 30
Row 16 Col 31
Row 17 Col 16
Row 17 Col 17
Row 17 Col 18
Row 17 Col 19
Row 17 Col 20
Row 17 Col 21
Row 17 Col 22
Row 17 Col 23
Row 17 Col 24
Row 17 Col 25
Row 17 Col 26
Row 17 Col 27
Row 17 Col 28
Row 17 Col 29
Row 17 Col 30
Row 17 Col 31
Row 18 Col 16
Row 18 Col 17
Row 18 Col 18
Row 18 Col 19
Row 18 Col 20
Row 18 Col 21
Row 18 Col 22
Row 18 Col 23
Row 18 Col 24
Row 18 Col 25
Row 18 Col 26
Row 18 Col 27
Row 18 Col 28
Row 18 Col 29
Row 18 Col 30
Row 18 Col 31
Row 19 Col 16
Row 19 Col 17
Row 19 Col 18
Row 19 Col 19
Row 19 Col 20
Row 19 Col 21
Row 19 Col 22
Row 19 Col 23
Row 19 Col 24
Row 19 Col 25
Row 19 Col 26
Row 19 Col 27
Row 19 Col 28
Row 19 Col 29
Row 19 Col 30
Row 19 Col 31
Row 28 Col 16
Row 28 Col 17
Row 28 Col 18
Row 28 Col 19
Row 28 Col 20
Row 28 Col 21
Row 28 Col 22
Row 28 Col 23
Row 28 Col 24
Row 28 Col 25
Row 28 Col 26
Row 28 Col 27
Row 28 Col 28
Row 28 Col 29
Row 28 Col 30
Row 28 Col 31
Row 29 Col 16
Row 29 Col 17
Row 29 Col 18
Row 29 Col 19
Row 29 Col 20
Row 29 Col 21
Row 29 Col 22
Row 29 Col 23
Row 29 Col 24
Row 29 Col 25
Row 29 Col 26
Row 29 Col 27
Row 29 Col 28
Row 29 Col 29
Row 29 Col 30
Row 29 Col 31
Row 16 Col 0
Row 16 Col 1
Row 16 Col 2
Row 16 Col 3
Row 16 Col 4
Row 16 Col 5
Row 16 Col 6
Row 16 Col 7
Row 16 Col 8
Row 16 Col 9
Row 16 Col 10
Row 16 Col 11
Row 16 Col 12
Row 16 Col 13
Row 16 Col 14
Row 16 Col 15
Row 17 Col 0
Row 17 Col 1
Row 17 Col 2
Row 17 Col 3
Row 17 Col 4
Row 17 Col 5
Row 17 Col 6
Row 17 Col 7
Row 17 Col 8
Row 17 Col 9
Row 17 Col 10
Row 17 Col 11
Row 17 Col 12
Row 17 Col 13
Row 17 Col 14
Row 17 Col 15
Row 26 Col 0
Row 26 Col 1
Row 26 Col 2
Row 26 Col 3
Row 26 Col 4
Row 26 Col 5
Row 26 Col 6
Row 26 Col 7
Row 26 Col 8
Row 26 Col 9
Row 26 Col 10
Row 26 Col 11
Row 26 Col 12
Row 26 Col 13
Row 26 Col 14
Row 26 Col 15
Row 27 Col 0
Row 27 Col 1
Row 27 Col 2
Row 27 Col 3
Row 27 Col 4
Row 27 Col 5
Row 27 Col 6
Row 27 Col 7
Row 27 Col 8
Row 27 Col 9
Row 27 Col 10
Row 27 Col 11
Row 27 Col 12
Row 27 Col 13
Row 27 Col 14
Row 27 Col 15
Row 28 Col 0
Row 28 Col 1
Row 28 Col 2
Row 28 Col 3
Row 28 Col 4
Row 28 Col 5
Row 28 Col 6
Row 28 Col 7
Row 28 Col 8
Row 28 Col 9
Row 28 Col 10
Row 28 Col 11
Row 28 Col 12
Row 28 Col 13
Row 28 Col 14
Row 28 Col 15
Row 29 Col 0
Row 29 Col 1
Row 29 Col 2
Row 29 Col 3
Row 29 Col 4
Row 29 Col 5
Row 29 Col 6
Row 29 Col 7
Row 29 Col 8
Row 29 Col 9
Row 29 Col 10
Row 29 Col 11
Row 29 Col 12
Row 29 Col 13
Row 29 Col 14
Row 29 Col 15
Row 30 Col 0
Row 30 Col 1
Row 30 Col 2
Row 30 Col 3
Row 30 Col 4
Row 30 Col 5
Row 30 Col 6
Row 30 Col 7
Row 30 Col 8
Row 30 Col 9
Row 30 Col 10
Row 30 Col 11
Row 30 Col 12
Row 30 Col 13
Row 30 Col 14
Row 30 Col 15
Row 31 Col 0
Row 31 Col 1
Row 31 Col 2
Row 31 Col 3
Row 31 Col 4
Row 31 Col 5
Row 31 Col 6
Row 31 Col 7
Row 31 Col 8
Row 31 Col 9
Row 31 Col 10
Row 31 Col 11
Row 31 Col 12
Row 31 Col 13
Row 31 Col 14
Row 31 Col 15
Row 24 Col 0
Row 24 Col 1
Row 24 Col 2
Row 24 Col 3
Row 24 Col 4
Row 24 Col 5
Row 24 Col 6
Row 24 Col 7
Row 24 Col 8
Row 24 Col 9
Row 24 Col 10
Row 24 Col 11
Row 24 Col 12
Row 24 Col 13
Row 24 Col 14
Row 24 Col 15
Row 25 Col 0
Row 25 Col 1
Row 25 Col 2
Row 25 Col 3
Row 25 Col 4
Row 25 Col 5
Row 25 Col 6
Row 25 Col 7
Row 25 Col 8
Row 25 Col 9
Row 25 Col 10
Row 25 Col 11
Row 25 Col 12
Row 25 Col 13
Row 25 Col 14
Row 25 Col 15
Row 18 Col 0
Row 18 Col 1
Row 18 Col 2
Row 18 Col 3
Row 18 Col 4
Row 18 Col 5
Row 18 Col 6
Row 18 Col 7
Row 18 Col 8
Row 18 Col 9
Row 18 Col 10
Row 18 Col 11
Row 18 Col 12
Row 18 Col 13
Row 18 Col 14
Row 18 Col 15
Row 19 Col 0
Row 19 Col 1
Row 19 Col 2
Row 19 Col 3
Row 19 Col 4
Row 19 Col 5
Row 19 Col 6
Row 19 Col 7
Row 19 Col 8
Row 19 Col 9
Row 19 Col 10
Row 19 Col 11
Row 19 Col 12
Row 19 Col 13
Row 19 Col 14
Row 19 Col 15
Row 20 Col 0
Row 20 Col 1
Row 20 Col 2
Row 20 Col 3
Row 20 Col 4
Row 20 Col 5
Row 20 Col 6
Row 20 Col 7
Row 20 Col 8
Row 20 Col 9
Row 20 Col 10
Row 20 Col 11
Row 20 Col 12
Row 20 Col 13
Row 20 Col 14
Row 20 Col 15
Row 21 Col 0
Row 21 Col 1
Row 21 Col 2
Row 21 Col 3
Row 21 Col 4
Row 21 Col 5
Row 21 Col 6
Row 21 Col 7
Row 21 Col 8
Row 21 Col 9
Row 21 Col 10
Row 21 Col 11
Row 21 Col 12
Row 21 Col 13
Row 21 Col 14
Row 21 Col 15
Row 22 Col 0
Row 22 Col 1
Row 22 Col 2
Row 22 Col 3
Row 22 Col 4
Row 22 Col 5
Row 22 Col 6
Row 22 Col 7
Row 22 Col 8
Row 22 Col 9
Row 22 Col 10
Row 22 Col 11
Row 22 Col 12
Row 22 Col 13
Row 22 Col 14
Row 22 Col 15
Row 23 Col 0
Row 23 Col 1
Row 23 Col 2
Row 23 Col 3
Row 23 Col 4
Row 23 Col 5
Row 23 Col 6
Row 23 Col 7
Row 23 Col 8
Row 23 Col 9
Row 23 Col 10
Row 23 Col 11
Row 23 Col 12
Row 23 Col 13
Row 23 Col 14
Row 23 Col 15
Matrix A:
 0  1  2  3  4  5  6  7  8  9 10 11 12 13 14 15 16 17 18 19 20 21 22 23 24 25 26 27 28 29 30 31 
32 33 34 35 36 37 38 39 40 41 42 43 44 45 46 47 48 49 50 51 52 53 54 55 56 57 58 59 60 61 62 63 
64 65 66 67 68 69 70 71 72 73 74 75 76 77 78 79 80 81 82 83 84 85 86 87 88 89 90 91 92 93 94 95 
96 97 98 99 100 101 102 103 104 105 106 107 108 109 110 111 112 113 114 115 116 117 118 119 120 121 122 123 124 125 126 127 
128 129 130 131 132 133 134 135 136 137 138 139 140 141 142 143 144 145 146 147 148 149 150 151 152 153 154 155 156 157 158 159 
160 161 162 163 164 165 166 167 168 169 170 171 172 173 174 175 176 177 178 179 180 181 182 183 184 185 186 187 188 189 190 191 
192 193 194 195 196 197 198 199 200 201 202 203 204 205 206 207 208 209 210 211 212 213 214 215 216 217 218 219 220 221 222 223 
224 225 226 227 228 229 230 231 232 233 234 235 236 237 238 239 240 241 242 243 244 245 246 247 248 249 250 251 252 253 254 255 
256 257 258 259 260 261 262 263 264 265 266 267 268 269 270 271 272 273 274 275 276 277 278 279 280 281 282 283 284 285 286 287 
288 289 290 291 292 293 294 295 296 297 298 299 300 301 302 303 304 305 306 307 308 309 310 311 312 313 314 315 316 317 318 319 
320 321 322 323 324 325 326 327 328 329 330 331 332 333 334 335 336 337 338 339 340 341 342 343 344 345 346 347 348 349 350 351 
352 353 354 355 356 357 358 359 360 361 362 363 364 365 366 367 368 369 370 371 372 373 374 375 376 377 378 379 380 381 382 383 
384 385 386 387 388 389 390 391 392 393 394 395 396 397 398 399 400 401 402 403 404 405 406 407 408 409 410 411 412 413 414 415 
416 417 418 419 420 421 422 423 424 425 426 427 428 429 430 431 432 433 434 435 436 437 438 439 440 441 442 443 444 445 446 447 
448 449 450 451 452 453 454 455 456 457 458 459 460 461 462 463 464 465 466 467 468 469 470 471 472 473 474 475 476 477 478 479 
480 481 482 483 484 485 486 487 488 489 490 491 492 493 494 495 496 497 498 499 500 501 502 503 504 505 506 507 508 509 510 511 
512 513 514 515 516 517 518 519 520 521 522 523 524 525 526 527 528 529 530 531 532 533 534 535 536 537 538 539 540 541 542 543 
544 545 546 547 548 549 550 551 552 553 554 555 556 557 558 559 560 561 562 563 564 565 566 567 568 569 570 571 572 573 574 575 
576 577 578 579 580 581 582 583 584 585 586 587 588 589 590 591 592 593 594 595 596 597 598 599 600 601 602 603 604 605 606 607 
608 609 610 611 612 613 614 615 616 617 618 619 620 621 622 623 624 625 626 627 628 629 630 631 632 633 634 635 636 637 638 639 
640 641 642 643 644 645 646 647 648 649 650 651 652 653 654 655 656 657 658 659 660 661 662 663 664 665 666 667 668 669 670 671 
672 673 674 675 676 677 678 679 680 681 682 683 684 685 686 687 688 689 690 691 692 693 694 695 696 697 698 699 700 701 702 703 
704 705 706 707 708 709 710 711 712 713 714 715 716 717 718 719 720 721 722 723 724 725 726 727 728 729 730 731 732 733 734 735 
736 737 738 739 740 741 742 743 744 745 746 747 748 749 750 751 752 753 754 755 756 757 758 759 760 761 762 763 764 765 766 767 
768 769 770 771 772 773 774 775 776 777 778 779 780 781 782 783 784 785 786 787 788 789 790 791 792 793 794 795 796 797 798 799 
800 801 802 803 804 805 806 807 808 809 810 811 812 813 814 815 816 817 818 819 820 821 822 823 824 825 826 827 828 829 830 831 
832 833 834 835 836 837 838 839 840 841 842 843 844 845 846 847 848 849 850 851 852 853 854 855 856 857 858 859 860 861 862 863 
864 865 866 867 868 869 870 871 872 873 874 875 876 877 878 879 880 881 882 883 884 885 886 887 888 889 890 891 892 893 894 895 
896 897 898 899 900 901 902 903 904 905 906 907 908 909 910 911 912 913 914 915 916 917 918 919 920 921 922 923 924 925 926 927 
928 929 930 931 932 933 934 935 936 937 938 939 940 941 942 943 944 945 946 947 948 949 950 951 952 953 954 955 956 957 958 959 
960 961 962 963 964 965 966 967 968 969 970 971 972 973 974 975 976 977 978 979 980 981 982 983 984 985 986 987 988 989 990 991 
992 993 994 995 996 997 998 999 1000 1001 1002 1003 1004 1005 1006 1007 1008 1009 1010 1011 1012 1013 1014 1015 1016 1017 1018 1019 1020 1021 1022 1023 

Matrix B:
 0  1  2  3  4  5  6  7  8  9 10 11 12 13 14 15 16 17 18 19 20 21 22 23 24 25 26 27 28 29 30 31 
32 33 34 35 36 37 38 39 40 41 42 43 44 45 46 47 48 49 50 51 52 53 54 55 56 57 58 59 60 61 62 63 
64 65 66 67 68 69 70 71 72 73 74 75 76 77 78 79 80 81 82 83 84 85 86 87 88 89 90 91 92 93 94 95 
96 97 98 99 100 101 102 103 104 105 106 107 108 109 110 111 112 113 114 115 116 117 118 119 120 121 122 123 124 125 126 127 
128 129 130 131 132 133 134 135 136 137 138 139 140 141 142 143 144 145 146 147 148 149 150 151 152 153 154 155 156 157 158 159 
160 161 162 163 164 165 166 167 168 169 170 171 172 173 174 175 176 177 178 179 180 181 182 183 184 185 186 187 188 189 190 191 
192 193 194 195 196 197 198 199 200 201 202 203 204 205 206 207 208 209 210 211 212 213 214 215 216 217 218 219 220 221 222 223 
224 225 226 227 228 229 230 231 232 233 234 235 236 237 238 239 240 241 242 243 244 245 246 247 248 249 250 251 252 253 254 255 
256 257 258 259 260 261 262 263 264 265 266 267 268 269 270 271 272 273 274 275 276 277 278 279 280 281 282 283 284 285 286 287 
288 289 290 291 292 293 294 295 296 297 298 299 300 301 302 303 304 305 306 307 308 309 310 311 312 313 314 315 316 317 318 319 
320 321 322 323 324 325 326 327 328 329 330 331 332 333 334 335 336 337 338 339 340 341 342 343 344 345 346 347 348 349 350 351 
352 353 354 355 356 357 358 359 360 361 362 363 364 365 366 367 368 369 370 371 372 373 374 375 376 377 378 379 380 381 382 383 
384 385 386 387 388 389 390 391 392 393 394 395 396 397 398 399 400 401 402 403 404 405 406 407 408 409 410 411 412 413 414 415 
416 417 418 419 420 421 422 423 424 425 426 427 428 429 430 431 432 433 434 435 436 437 438 439 440 441 442 443 444 445 446 447 
448 449 450 451 452 453 454 455 456 457 458 459 460 461 462 463 464 465 466 467 468 469 470 471 472 473 474 475 476 477 478 479 
480 481 482 483 484 485 486 487 488 489 490 491 492 493 494 495 496 497 498 499 500 501 502 503 504 505 506 507 508 509 510 511 
512 513 514 515 516 517 518 519 520 521 522 523 524 525 526 527 528 529 530 531 532 533 534 535 536 537 538 539 540 541 542 543 
544 545 546 547 548 549 550 551 552 553 554 555 556 557 558 559 560 561 562 563 564 565 566 567 568 569 570 571 572 573 574 575 
576 577 578 579 580 581 582 583 584 585 586 587 588 589 590 591 592 593 594 595 596 597 598 599 600 601 602 603 604 605 606 607 
608 609 610 611 612 613 614 615 616 617 618 619 620 621 622 623 624 625 626 627 628 629 630 631 632 633 634 635 636 637 638 639 
640 641 642 643 644 645 646 647 648 649 650 651 652 653 654 655 656 657 658 659 660 661 662 663 664 665 666 667 668 669 670 671 
672 673 674 675 676 677 678 679 680 681 682 683 684 685 686 687 688 689 690 691 692 693 694 695 696 697 698 699 700 701 702 703 
704 705 706 707 708 709 710 711 712 713 714 715 716 717 718 719 720 721 722 723 724 725 726 727 728 729 730 731 732 733 734 735 
736 737 738 739 740 741 742 743 744 745 746 747 748 749 750 751 752 753 754 755 756 757 758 759 760 761 762 763 764 765 766 767 
768 769 770 771 772 773 774 775 776 777 778 779 780 781 782 783 784 785 786 787 788 789 790 791 792 793 794 795 796 797 798 799 
800 801 802 803 804 805 806 807 808 809 810 811 812 813 814 815 816 817 818 819 820 821 822 823 824 825 826 827 828 829 830 831 
832 833 834 835 836 837 838 839 840 841 842 843 844 845 846 847 848 849 850 851 852 853 854 855 856 857 858 859 860 861 862 863 
864 865 866 867 868 869 870 871 872 873 874 875 876 877 878 879 880 881 882 883 884 885 886 887 888 889 890 891 892 893 894 895 
896 897 898 899 900 901 902 903 904 905 906 907 908 909 910 911 912 913 914 915 916 917 918 919 920 921 922 923 924 925 926 927 
928 929 930 931 932 933 934 935 936 937 938 939 940 941 942 943 944 945 946 947 948 949 950 951 952 953 954 955 956 957 958 959 
960 961 962 963 964 965 966 967 968 969 970 971 972 973 974 975 976 977 978 979 980 981 982 983 984 985 986 987 988 989 990 991 
992 993 994 995 996 997 998 999 1000 1001 1002 1003 1004 1005 1006 1007 1008 1009 1010 1011 1012 1013 1014 1015 1016 1017 1018 1019 1020 1021 1022 1023 

Matrix C:
 0  1  2  3  4  5  6  7  8  9 10 11 12 13 14 15 16 17 18 19 20 21 22 23 24 25 26 27 28 29 30 31 
32 33 34 35 36 37 38 39 40 41 42 43 44 45 46 47 48 49 50 51 52 53 54 55 56 57 58 59 60 61 62 63 
64 65 66 67 68 69 70 71 72 73 74 75 76 77 78 79 80 81 82 83 84 85 86 87 88 89 90 91 92 93 94 95 
96 97 98 99 100 101 102 103 104 105 106 107 108 109 110 111 112 113 114 115 116 117 118 119 120 121 122 123 124 125 126 127 
128 129 130 131 132 133 134 135 136 137 138 139 140 141 142 143 144 145 146 147 148 149 150 151 152 153 154 155 156 157 158 159 
160 161 162 163 164 165 166 167 168 169 170 171 172 173 174 175 176 177 178 179 180 181 182 183 184 185 186 187 188 189 190 191 
192 193 194 195 196 197 198 199 200 201 202 203 204 205 206 207 208 209 210 211 212 213 214 215 216 217 218 219 220 221 222 223 
224 225 226 227 228 229 230 231 232 233 234 235 236 237 238 239 240 241 242 243 244 245 246 247 248 249 250 251 252 253 254 255 
256 257 258 259 260 261 262 263 264 265 266 267 268 269 270 271 272 273 274 275 276 277 278 279 280 281 282 283 284 285 286 287 
288 289 290 291 292 293 294 295 296 297 298 299 300 301 302 303 304 305 306 307 308 309 310 311 312 313 314 315 316 317 318 319 
320 321 322 323 324 325 326 327 328 329 330 331 332 333 334 335 336 337 338 339 340 341 342 343 344 345 346 347 348 349 350 351 
352 353 354 355 356 357 358 359 360 361 362 363 364 365 366 367 368 369 370 371 372 373 374 375 376 377 378 379 380 381 382 383 
384 385 386 387 388 389 390 391 392 393 394 395 396 397 398 399 400 401 402 403 404 405 406 407 408 409 410 411 412 413 414 415 
416 417 418 419 420 421 422 423 424 425 426 427 428 429 430 431 432 433 434 435 436 437 438 439 440 441 442 443 444 445 446 447 
448 449 450 451 452 453 454 455 456 457 458 459 460 461 462 463 464 465 466 467 468 469 470 471 472 473 474 475 476 477 478 479 
480 481 482 483 484 485 486 487 488 489 490 491 492 493 494 495 496 497 498 499 500 501 502 503 504 505 506 507 508 509 510 511 
512 513 514 515 516 517 518 519 520 521 522 523 524 525 526 527 528 529 530 531 532 533 534 535 536 537 538 539 540 541 542 543 
544 545 546 547 548 549 550 551 552 553 554 555 556 557 558 559 560 561 562 563 564 565 566 567 568 569 570 571 572 573 574 575 
576 577 578 579 580 581 582 583 584 585 586 587 588 589 590 591 592 593 594 595 596 597 598 599 600 601 602 603 604 605 606 607 
608 609 610 611 612 613 614 615 616 617 618 619 620 621 622 623 624 625 626 627 628 629 630 631 632 633 634 635 636 637 638 639 
640 641 642 643 644 645 646 647 648 649 650 651 652 653 654 655 656 657 658 659 660 661 662 663 664 665 666 667 668 669 670 671 
672 673 674 675 676 677 678 679 680 681 682 683 684 685 686 687 688 689 690 691 692 693 694 695 696 697 698 699 700 701 702 703 
704 705 706 707 708 709 710 711 712 713 714 715 716 717 718 719 720 721 722 723 724 725 726 727 728 729 730 731 732 733 734 735 
736 737 738 739 740 741 742 743 744 745 746 747 748 749 750 751 752 753 754 755 756 757 758 759 760 761 762 763 764 765 766 767 
768 769 770 771 772 773 774 775 776 777 778 779 780 781 782 783 784 785 786 787 788 789 790 791 792 793 794 795 796 797 798 799 
800 801 802 803 804 805 806 807 808 809 810 811 812 813 814 815 816 817 818 819 820 821 822 823 824 825 826 827 828 829 830 831 
832 833 834 835 836 837 838 839 840 841 842 843 844 845 846 847 848 849 850 851 852 853 854 855 856 857 858 859 860 861 862 863 
864 865 866 867 868 869 870 871 872 873 874 875 876 877 878 879 880 881 882 883 884 885 886 887 888 889 890 891 892 893 894 895 
896 897 898 899 900 901 902 903 904 905 906 907 908 909 910 911 912 913 914 915 916 917 918 919 920 921 922 923 924 925 926 927 
928 929 930 931 932 933 934 935 936 937 938 939 940 941 942 943 944 945 946 947 948 949 950 951 952 953 954 955 956 957 958 959 
960 961 962 963 964 965 966 967 968 969 970 971 972 973 974 975 976 977 978 979 980 981 982 983 984 985 986 987 988 989 990 991 
992 993 994 995 996 997 998 999 1000 1001 1002 1003 1004 1005 1006 1007 1008 1009 1010 1011 1012 1013 1014 1015 1016 1017 1018 1019 1020 1021 1022 1023 

Matrix D (Result A*B+C):
333312 333835 334314 334793 335300 335799 336294 336789 337296 337787 338282 338777 339276 339783 340262 340741 341264 341787 342266 342745 343252 343751 344244 344741 345232 345739 346236 346729 347228 347735 348212 348693 
841248 842848 844322 845816 847360 848864 850358 851896 853432 854936 856474 858000 859504 861048 862542 864080 865584 867088 868626 870120 871664 873168 874692 876232 877736 879272 880816 882304 883808 885352 886848 888313 
inf inf inf inf inf inf inf inf inf inf inf inf inf inf inf inf inf inf inf inf inf inf inf inf inf inf inf inf inf inf inf inf 
inf inf inf inf inf inf inf inf inf inf inf inf inf inf inf inf inf inf inf inf inf inf inf inf inf inf inf inf inf inf inf inf 
inf inf inf inf inf inf inf inf inf inf inf inf inf inf inf inf inf inf inf inf inf inf inf inf inf inf inf inf inf inf inf inf 
inf inf inf inf inf inf inf inf inf inf inf inf inf inf inf inf inf inf inf inf inf inf inf inf inf inf inf inf inf inf inf inf 
inf inf inf inf inf inf inf inf inf inf inf inf inf inf inf inf inf inf inf inf inf inf inf inf inf inf inf inf inf inf inf inf 
inf inf inf inf inf inf inf inf inf inf inf inf inf inf inf inf inf inf inf inf inf inf inf inf inf inf inf inf inf inf inf inf 
inf inf inf inf inf inf inf inf inf inf inf inf inf inf inf inf inf inf inf inf inf inf inf inf inf inf inf inf inf inf inf inf 
inf inf inf inf inf inf inf inf inf inf inf inf inf inf inf inf inf inf inf inf inf inf inf inf inf inf inf inf inf inf inf inf 
inf inf inf inf inf inf inf inf inf inf inf inf inf inf inf inf inf inf inf inf inf inf inf inf inf inf inf inf inf inf inf inf 
inf inf inf inf inf inf inf inf inf inf inf inf inf inf inf inf inf inf inf inf inf inf inf inf inf inf inf inf inf inf inf inf 
inf inf inf inf inf inf inf inf inf inf inf inf inf inf inf inf inf inf inf inf inf inf inf inf inf inf inf inf inf inf inf inf 
inf inf inf inf inf inf inf inf inf inf inf inf inf inf inf inf inf inf inf inf inf inf inf inf inf inf inf inf inf inf inf inf 
inf inf inf inf inf inf inf inf inf inf inf inf inf inf inf inf inf inf inf inf inf inf inf inf inf inf inf inf inf inf inf inf 
inf inf inf inf inf inf inf inf inf inf inf inf inf inf inf inf inf inf inf inf inf inf inf inf inf inf inf inf inf inf inf inf 
 0  0  0  0  0  0  0  0  0  0  0  0  0  0  0  0  0  0  0  0  0  0  0  0  0  0  0  0  0  0  0  0 
 0  0  0  0  0  0  0  0  0  0  0  0  0  0  0  0  0  0  0  0  0  0  0  0  0  0  0  0  0  0  0  0 
 0  0  0  0  0  0  0  0  0  0  0  0  0  0  0  0  0  0  0  0  0  0  0  0  0  0  0  0  0  0  0  0 
 0  0  0  0  0  0  0  0  0  0  0  0  0  0  0  0  0  0  0  0  0  0  0  0  0  0  0  0  0  0  0  0 
 0  0  0  0  0  0  0  0  0  0  0  0  0  0  0  0  0  0  0  0  0  0  0  0  0  0  0  0  0  0  0  0 
 0  0  0  0  0  0  0  0  0  0  0  0  0  0  0  0  0  0  0  0  0  0  0  0  0  0  0  0  0  0  0  0 
 0  0  0  0  0  0  0  0  0  0  0  0  0  0  0  0  0  0  0  0  0  0  0  0  0  0  0  0  0  0  0  0 
 0  0  0  0  0  0  0  0  0  0  0  0  0  0  0  0  0  0  0  0  0  0  0  0  0  0  0  0  0  0  0  0 
 0  0  0  0  0  0  0  0  0  0  0  0  0  0  0  0  0  0  0  0  0  0  0  0  0  0  0  0  0  0  0  0 
 0  0  0  0  0  0  0  0  0  0  0  0  0  0  0  0  0  0  0  0  0  0  0  0  0  0  0  0  0  0  0  0 
 0  0  0  0  0  0  0  0  0  0  0  0  0  0  0  0  0  0  0  0  0  0  0  0  0  0  0  0  0  0  0  0 
 0  0  0  0  0  0  0  0  0  0  0  0  0  0  0  0  0  0  0  0  0  0  0  0  0  0  0  0  0  0  0  0 
 0  0  0  0  0  0  0  0  0  0  0  0  0  0  0  0  0  0  0  0  0  0  0  0  0  0  0  0  0  0  0  0 
 0  0  0  0  0  0  0  0  0  0  0  0  0  0  0  0  0  0  0  0  0  0  0  0  0  0  0  0  0  0  0  0 
 0  0  0  0  0  0  0  0  0  0  0  0  0  0  0  0  0  0  0  0  0  0  0  0  0  0  0  0  0  0  0  0 
 0  0  0  0  0  0  0  0  0  0  0  0  0  0  0  0  0  0  0  0  0  0  0  0  0  0  0  0  0  0  0  0 

